{"level":40,"time":1673842287338,"pid":13100,"hostname":"LAPTOP-68Q2EVFO","msg":"/test -> GET"}
{"level":40,"time":1674011185117,"pid":17960,"hostname":"LAPTOP-68Q2EVFO","msg":"/favicon.ico -> GET"}
{"level":40,"time":1674011249444,"pid":17960,"hostname":"LAPTOP-68Q2EVFO","msg":"/test -> GET"}
{"level":40,"time":1674011249486,"pid":17960,"hostname":"LAPTOP-68Q2EVFO","msg":"/favicon.ico -> GET"}
{"level":40,"time":1674011307093,"pid":7140,"hostname":"LAPTOP-68Q2EVFO","msg":"/test -> GET"}
{"level":40,"time":1674011307119,"pid":7140,"hostname":"LAPTOP-68Q2EVFO","msg":"/favicon.ico -> GET"}
{"level":40,"time":1674011317641,"pid":7140,"hostname":"LAPTOP-68Q2EVFO","msg":"/ -> GET"}
{"level":40,"time":1674011317665,"pid":7140,"hostname":"LAPTOP-68Q2EVFO","msg":"/favicon.ico -> GET"}
{"level":40,"time":1674011338276,"pid":21804,"hostname":"LAPTOP-68Q2EVFO","msg":"/favicon.ico -> GET"}
{"level":40,"time":1674011345037,"pid":21804,"hostname":"LAPTOP-68Q2EVFO","msg":"/favicon.ico -> GET"}
{"level":40,"time":1674011723085,"pid":4048,"hostname":"LAPTOP-68Q2EVFO","msg":"/favicon.ico -> GET"}
{"level":40,"time":1674011775093,"pid":20224,"hostname":"LAPTOP-68Q2EVFO","msg":"/test -> GET"}
{"level":40,"time":1674011862762,"pid":16356,"hostname":"LAPTOP-68Q2EVFO","msg":"/test -> GET"}
{"level":40,"time":1674011888441,"pid":11548,"hostname":"LAPTOP-68Q2EVFO","msg":"/test -> GET"}
{"level":40,"time":1674015835456,"pid":11648,"hostname":"LAPTOP-68Q2EVFO","msg":"/ -> GET"}
{"level":40,"time":1674015876494,"pid":21312,"hostname":"LAPTOP-68Q2EVFO","msg":"/api/randoma -> GET"}
{"level":40,"time":1674015924027,"pid":19532,"hostname":"LAPTOP-68Q2EVFO","msg":"/api/randoma -> GET"}
{"level":40,"time":1674015935691,"pid":19532,"hostname":"LAPTOP-68Q2EVFO","msg":"/api/randoma -> GET"}
{"level":40,"time":1674016003762,"pid":19532,"hostname":"LAPTOP-68Q2EVFO","msg":"/api/randoma -> GET"}
{"level":40,"time":1674016081827,"pid":7672,"hostname":"LAPTOP-68Q2EVFO","msg":"/api/randoma -> GET"}
{"level":40,"time":1674016094783,"pid":7672,"hostname":"LAPTOP-68Q2EVFO","msg":"/api/randoma -> GET"}
{"level":40,"time":1674016153884,"pid":18676,"hostname":"LAPTOP-68Q2EVFO","msg":"/api/randoma -> GET"}
{"level":40,"time":1674016430973,"pid":13956,"hostname":"LAPTOP-68Q2EVFO","msg":" -> GET"}
{"level":40,"time":1674016550686,"pid":22396,"hostname":"LAPTOP-68Q2EVFO","msg":"/api/randoma -> GET"}
{"level":40,"time":1674016724906,"pid":2832,"hostname":"LAPTOP-68Q2EVFO","msg":"/api/randoma -> GET"}
{"level":40,"time":1674016927534,"pid":19696,"hostname":"LAPTOP-68Q2EVFO","msg":"/api/randoma -> GET"}
